This file contains any messages produced by compilers while
running configure, to aid debugging if configure makes a mistake.

It was created by klish configure 2.1.3, which was
generated by GNU Autoconf 2.69.  Invocation command line was

  $ ./configure --prefix=/home/admin1/klish-2.1.3/install CFLAGS=-O2 -g

## --------- ##
## Platform. ##
## --------- ##

hostname = ykclient
uname -m = x86_64
uname -r = 4.15.3-154-generic
uname -s = Linux
uname -v = #astra27+ci1 SMP Thu Sep 23 19:13:45 UTC 2021

/usr/bin/uname -p = unknown
/bin/uname -X     = unknown

/bin/arch              = unknown
/usr/bin/arch -k       = unknown
/usr/convex/getsysinfo = unknown
/usr/bin/hostinfo      = unknown
/bin/machine           = unknown
/usr/bin/oslevel       = unknown
/bin/universe          = unknown

PATH: /usr/local/bin
PATH: /usr/bin
PATH: /bin
PATH: /usr/local/games
PATH: /usr/games


## ----------- ##
## Core tests. ##
## ----------- ##

configure:2544: checking for gcc
configure:2560: found /usr/bin/gcc
configure:2571: result: gcc
configure:2800: checking for C compiler version
configure:2809: gcc --version >&5
gcc (Debian 6.3.0-18+deb9u1) 6.3.0 20170516
Copyright (C) 2016 Free Software Foundation, Inc.
This is free software; see the source for copying conditions.  There is NO
warranty; not even for MERCHANTABILITY or FITNESS FOR A PARTICULAR PURPOSE.

configure:2820: $? = 0
configure:2809: gcc -v >&5
Using built-in specs.
COLLECT_GCC=gcc
COLLECT_LTO_WRAPPER=/usr/lib/gcc/x86_64-linux-gnu/6/lto-wrapper
Target: x86_64-linux-gnu
Configured with: ../src/configure -v --with-pkgversion='Debian 6.3.0-18+deb9u1' --with-bugurl=file:///usr/share/doc/gcc-6/README.Bugs --enable-languages=c,ada,c++,java,go,d,fortran,objc,obj-c++ --prefix=/usr --program-suffix=-6 --program-prefix=x86_64-linux-gnu- --enable-shared --enable-linker-build-id --libexecdir=/usr/lib --without-included-gettext --enable-threads=posix --libdir=/usr/lib --enable-nls --with-sysroot=/ --enable-clocale=gnu --enable-libstdcxx-debug --enable-libstdcxx-time=yes --with-default-libstdcxx-abi=new --enable-gnu-unique-object --disable-vtable-verify --enable-libmpx --enable-plugin --enable-default-pie --with-system-zlib --disable-browser-plugin --enable-java-awt=gtk --enable-gtk-cairo --with-java-home=/usr/lib/jvm/java-1.5.0-gcj-6-amd64/jre --enable-java-home --with-jvm-root-dir=/usr/lib/jvm/java-1.5.0-gcj-6-amd64 --with-jvm-jar-dir=/usr/lib/jvm-exports/java-1.5.0-gcj-6-amd64 --with-arch-directory=amd64 --with-ecj-jar=/usr/share/java/eclipse-ecj.jar --with-target-system-zlib --enable-objc-gc=auto --enable-multiarch --with-arch-32=i686 --with-abi=m64 --with-multilib-list=m32,m64,mx32 --enable-multilib --with-tune=generic --enable-checking=release --build=x86_64-linux-gnu --host=x86_64-linux-gnu --target=x86_64-linux-gnu
Thread model: posix
gcc version 6.3.0 20170516 (Debian 6.3.0-18+deb9u1) 
configure:2820: $? = 0
configure:2809: gcc -V >&5
gcc: error: unrecognized command line option '-V'
gcc: fatal error: no input files
compilation terminated.
configure:2820: $? = 1
configure:2809: gcc -qversion >&5
gcc: error: unrecognized command line option '-qversion'; did you mean '--version'?
gcc: fatal error: no input files
compilation terminated.
configure:2820: $? = 1
configure:2840: checking whether the C compiler works
configure:2862: gcc -O2 -g   conftest.c  >&5
configure:2866: $? = 0
configure:2914: result: yes
configure:2917: checking for C compiler default output file name
configure:2919: result: a.out
configure:2925: checking for suffix of executables
configure:2932: gcc -o conftest -O2 -g   conftest.c  >&5
configure:2936: $? = 0
configure:2958: result: 
configure:2980: checking whether we are cross compiling
configure:2988: gcc -o conftest -O2 -g   conftest.c  >&5
configure:2992: $? = 0
configure:2999: ./conftest
configure:3003: $? = 0
configure:3018: result: no
configure:3023: checking for suffix of object files
configure:3045: gcc -c -O2 -g  conftest.c >&5
configure:3049: $? = 0
configure:3070: result: o
configure:3074: checking whether we are using the GNU C compiler
configure:3093: gcc -c -O2 -g  conftest.c >&5
configure:3093: $? = 0
configure:3102: result: yes
configure:3111: checking whether gcc accepts -g
configure:3131: gcc -c -g  conftest.c >&5
configure:3131: $? = 0
configure:3172: result: yes
configure:3189: checking for gcc option to accept ISO C89
configure:3252: gcc  -c -O2 -g  conftest.c >&5
configure:3252: $? = 0
configure:3265: result: none needed
configure:3290: checking whether gcc understands -c and -o together
configure:3312: gcc -c conftest.c -o conftest2.o
configure:3315: $? = 0
configure:3312: gcc -c conftest.c -o conftest2.o
configure:3315: $? = 0
configure:3327: result: yes
configure:3350: checking how to run the C preprocessor
configure:3381: gcc -E  conftest.c
configure:3381: $? = 0
configure:3395: gcc -E  conftest.c
conftest.c:9:28: fatal error: ac_nonexistent.h: No such file or directory
 #include <ac_nonexistent.h>
                            ^
compilation terminated.
configure:3395: $? = 1
configure: failed program was:
| /* confdefs.h */
| #define PACKAGE_NAME "klish"
| #define PACKAGE_TARNAME "klish"
| #define PACKAGE_VERSION "2.1.3"
| #define PACKAGE_STRING "klish 2.1.3"
| #define PACKAGE_BUGREPORT "serj.kalichev at gmail dot com"
| #define PACKAGE_URL ""
| /* end confdefs.h.  */
| #include <ac_nonexistent.h>
configure:3420: result: gcc -E
configure:3440: gcc -E  conftest.c
configure:3440: $? = 0
configure:3454: gcc -E  conftest.c
conftest.c:9:28: fatal error: ac_nonexistent.h: No such file or directory
 #include <ac_nonexistent.h>
                            ^
compilation terminated.
configure:3454: $? = 1
configure: failed program was:
| /* confdefs.h */
| #define PACKAGE_NAME "klish"
| #define PACKAGE_TARNAME "klish"
| #define PACKAGE_VERSION "2.1.3"
| #define PACKAGE_STRING "klish 2.1.3"
| #define PACKAGE_BUGREPORT "serj.kalichev at gmail dot com"
| #define PACKAGE_URL ""
| /* end confdefs.h.  */
| #include <ac_nonexistent.h>
configure:3483: checking for grep that handles long lines and -e
configure:3541: result: /bin/grep
configure:3546: checking for egrep
configure:3608: result: /bin/grep -E
configure:3613: checking for ANSI C header files
configure:3633: gcc -c -O2 -g  conftest.c >&5
configure:3633: $? = 0
configure:3706: gcc -o conftest -O2 -g   conftest.c  >&5
configure:3706: $? = 0
configure:3706: ./conftest
configure:3706: $? = 0
configure:3717: result: yes
configure:3730: checking for sys/types.h
configure:3730: gcc -c -O2 -g  conftest.c >&5
configure:3730: $? = 0
configure:3730: result: yes
configure:3730: checking for sys/stat.h
configure:3730: gcc -c -O2 -g  conftest.c >&5
configure:3730: $? = 0
configure:3730: result: yes
configure:3730: checking for stdlib.h
configure:3730: gcc -c -O2 -g  conftest.c >&5
configure:3730: $? = 0
configure:3730: result: yes
configure:3730: checking for string.h
configure:3730: gcc -c -O2 -g  conftest.c >&5
configure:3730: $? = 0
configure:3730: result: yes
configure:3730: checking for memory.h
configure:3730: gcc -c -O2 -g  conftest.c >&5
configure:3730: $? = 0
configure:3730: result: yes
configure:3730: checking for strings.h
configure:3730: gcc -c -O2 -g  conftest.c >&5
configure:3730: $? = 0
configure:3730: result: yes
configure:3730: checking for inttypes.h
configure:3730: gcc -c -O2 -g  conftest.c >&5
configure:3730: $? = 0
configure:3730: result: yes
configure:3730: checking for stdint.h
configure:3730: gcc -c -O2 -g  conftest.c >&5
configure:3730: $? = 0
configure:3730: result: yes
configure:3730: checking for unistd.h
configure:3730: gcc -c -O2 -g  conftest.c >&5
configure:3730: $? = 0
configure:3730: result: yes
configure:3743: checking minix/config.h usability
configure:3743: gcc -c -O2 -g  conftest.c >&5
conftest.c:52:26: fatal error: minix/config.h: No such file or directory
 #include <minix/config.h>
                          ^
compilation terminated.
configure:3743: $? = 1
configure: failed program was:
| /* confdefs.h */
| #define PACKAGE_NAME "klish"
| #define PACKAGE_TARNAME "klish"
| #define PACKAGE_VERSION "2.1.3"
| #define PACKAGE_STRING "klish 2.1.3"
| #define PACKAGE_BUGREPORT "serj.kalichev at gmail dot com"
| #define PACKAGE_URL ""
| #define STDC_HEADERS 1
| #define HAVE_SYS_TYPES_H 1
| #define HAVE_SYS_STAT_H 1
| #define HAVE_STDLIB_H 1
| #define HAVE_STRING_H 1
| #define HAVE_MEMORY_H 1
| #define HAVE_STRINGS_H 1
| #define HAVE_INTTYPES_H 1
| #define HAVE_STDINT_H 1
| #define HAVE_UNISTD_H 1
| /* end confdefs.h.  */
| #include <stdio.h>
| #ifdef HAVE_SYS_TYPES_H
| # include <sys/types.h>
| #endif
| #ifdef HAVE_SYS_STAT_H
| # include <sys/stat.h>
| #endif
| #ifdef STDC_HEADERS
| # include <stdlib.h>
| # include <stddef.h>
| #else
| # ifdef HAVE_STDLIB_H
| #  include <stdlib.h>
| # endif
| #endif
| #ifdef HAVE_STRING_H
| # if !defined STDC_HEADERS && defined HAVE_MEMORY_H
| #  include <memory.h>
| # endif
| # include <string.h>
| #endif
| #ifdef HAVE_STRINGS_H
| # include <strings.h>
| #endif
| #ifdef HAVE_INTTYPES_H
| # include <inttypes.h>
| #endif
| #ifdef HAVE_STDINT_H
| # include <stdint.h>
| #endif
| #ifdef HAVE_UNISTD_H
| # include <unistd.h>
| #endif
| #include <minix/config.h>
configure:3743: result: no
configure:3743: checking minix/config.h presence
configure:3743: gcc -E  conftest.c
conftest.c:19:26: fatal error: minix/config.h: No such file or directory
 #include <minix/config.h>
                          ^
compilation terminated.
configure:3743: $? = 1
configure: failed program was:
| /* confdefs.h */
| #define PACKAGE_NAME "klish"
| #define PACKAGE_TARNAME "klish"
| #define PACKAGE_VERSION "2.1.3"
| #define PACKAGE_STRING "klish 2.1.3"
| #define PACKAGE_BUGREPORT "serj.kalichev at gmail dot com"
| #define PACKAGE_URL ""
| #define STDC_HEADERS 1
| #define HAVE_SYS_TYPES_H 1
| #define HAVE_SYS_STAT_H 1
| #define HAVE_STDLIB_H 1
| #define HAVE_STRING_H 1
| #define HAVE_MEMORY_H 1
| #define HAVE_STRINGS_H 1
| #define HAVE_INTTYPES_H 1
| #define HAVE_STDINT_H 1
| #define HAVE_UNISTD_H 1
| /* end confdefs.h.  */
| #include <minix/config.h>
configure:3743: result: no
configure:3743: checking for minix/config.h
configure:3743: result: no
configure:3764: checking whether it is safe to define __EXTENSIONS__
configure:3782: gcc -c -O2 -g  conftest.c >&5
configure:3782: $? = 0
configure:3789: result: yes
configure:3853: checking for gcc
configure:3880: result: gcc
configure:4109: checking for C compiler version
configure:4118: gcc --version >&5
gcc (Debian 6.3.0-18+deb9u1) 6.3.0 20170516
Copyright (C) 2016 Free Software Foundation, Inc.
This is free software; see the source for copying conditions.  There is NO
warranty; not even for MERCHANTABILITY or FITNESS FOR A PARTICULAR PURPOSE.

configure:4129: $? = 0
configure:4118: gcc -v >&5
Using built-in specs.
COLLECT_GCC=gcc
COLLECT_LTO_WRAPPER=/usr/lib/gcc/x86_64-linux-gnu/6/lto-wrapper
Target: x86_64-linux-gnu
Configured with: ../src/configure -v --with-pkgversion='Debian 6.3.0-18+deb9u1' --with-bugurl=file:///usr/share/doc/gcc-6/README.Bugs --enable-languages=c,ada,c++,java,go,d,fortran,objc,obj-c++ --prefix=/usr --program-suffix=-6 --program-prefix=x86_64-linux-gnu- --enable-shared --enable-linker-build-id --libexecdir=/usr/lib --without-included-gettext --enable-threads=posix --libdir=/usr/lib --enable-nls --with-sysroot=/ --enable-clocale=gnu --enable-libstdcxx-debug --enable-libstdcxx-time=yes --with-default-libstdcxx-abi=new --enable-gnu-unique-object --disable-vtable-verify --enable-libmpx --enable-plugin --enable-default-pie --with-system-zlib --disable-browser-plugin --enable-java-awt=gtk --enable-gtk-cairo --with-java-home=/usr/lib/jvm/java-1.5.0-gcj-6-amd64/jre --enable-java-home --with-jvm-root-dir=/usr/lib/jvm/java-1.5.0-gcj-6-amd64 --with-jvm-jar-dir=/usr/lib/jvm-exports/java-1.5.0-gcj-6-amd64 --with-arch-directory=amd64 --with-ecj-jar=/usr/share/java/eclipse-ecj.jar --with-target-system-zlib --enable-objc-gc=auto --enable-multiarch --with-arch-32=i686 --with-abi=m64 --with-multilib-list=m32,m64,mx32 --enable-multilib --with-tune=generic --enable-checking=release --build=x86_64-linux-gnu --host=x86_64-linux-gnu --target=x86_64-linux-gnu
Thread model: posix
gcc version 6.3.0 20170516 (Debian 6.3.0-18+deb9u1) 
configure:4129: $? = 0
configure:4118: gcc -V >&5
gcc: error: unrecognized command line option '-V'
gcc: fatal error: no input files
compilation terminated.
configure:4129: $? = 1
configure:4118: gcc -qversion >&5
gcc: error: unrecognized command line option '-qversion'; did you mean '--version'?
gcc: fatal error: no input files
compilation terminated.
configure:4129: $? = 1
configure:4133: checking whether we are using the GNU C compiler
configure:4161: result: yes
configure:4170: checking whether gcc accepts -g
configure:4231: result: yes
configure:4248: checking for gcc option to accept ISO C89
configure:4324: result: none needed
configure:4349: checking whether gcc understands -c and -o together
configure:4386: result: yes
configure:4407: checking build system type
configure:4421: result: x86_64-unknown-linux-gnu
configure:4441: checking host system type
configure:4454: result: x86_64-unknown-linux-gnu
configure:4823: checking how to print strings
configure:4850: result: printf
configure:4871: checking for a sed that does not truncate output
configure:4935: result: /bin/sed
configure:4953: checking for fgrep
configure:5015: result: /bin/grep -F
configure:5050: checking for ld used by gcc
configure:5117: result: /usr/bin/ld
configure:5124: checking if the linker (/usr/bin/ld) is GNU ld
configure:5139: result: yes
configure:5151: checking for BSD- or MS-compatible name lister (nm)
configure:5205: result: /usr/bin/nm -B
configure:5335: checking the name lister (/usr/bin/nm -B) interface
configure:5342: gcc -c -O2 -g  conftest.c >&5
configure:5345: /usr/bin/nm -B "conftest.o"
configure:5348: output
0000000000000000 B some_variable
configure:5355: result: BSD nm
configure:5358: checking whether ln -s works
configure:5362: result: yes
configure:5370: checking the maximum length of command line arguments
configure:5501: result: 1572864
configure:5549: checking how to convert x86_64-unknown-linux-gnu file names to x86_64-unknown-linux-gnu format
configure:5589: result: func_convert_file_noop
configure:5596: checking how to convert x86_64-unknown-linux-gnu file names to toolchain format
configure:5616: result: func_convert_file_noop
configure:5623: checking for /usr/bin/ld option to reload object files
configure:5630: result: -r
configure:5704: checking for objdump
configure:5731: result: objdump
configure:5760: checking how to recognize dependent libraries
configure:5960: result: pass_all
configure:6045: checking for dlltool
configure:6072: result: dlltool
configure:6102: checking how to associate runtime and link libraries
configure:6129: result: printf %s\n
configure:6189: checking for ar
configure:6205: found /usr/bin/ar
configure:6216: result: ar
configure:6253: checking for archiver @FILE support
configure:6270: gcc -c -O2 -g  conftest.c >&5
configure:6270: $? = 0
configure:6273: ar cru libconftest.a @conftest.lst >&5
ar: `u' modifier ignored since `D' is the default (see `U')
configure:6276: $? = 0
configure:6281: ar cru libconftest.a @conftest.lst >&5
ar: `u' modifier ignored since `D' is the default (see `U')
ar: conftest.o: No such file or directory
configure:6284: $? = 1
configure:6296: result: @
configure:6354: checking for strip
configure:6370: found /usr/bin/strip
configure:6381: result: strip
configure:6453: checking for ranlib
configure:6469: found /usr/bin/ranlib
configure:6480: result: ranlib
configure:6557: checking for gawk
configure:6573: found /usr/bin/gawk
configure:6584: result: gawk
configure:6624: checking command to parse /usr/bin/nm -B output from gcc object
configure:6777: gcc -c -O2 -g  conftest.c >&5
configure:6780: $? = 0
configure:6784: /usr/bin/nm -B conftest.o \| sed -n -e 's/^.*[ ]\([ABCDGIRSTW][ABCDGIRSTW]*\)[ ][ ]*\([_A-Za-z][_A-Za-z0-9]*\)$/\1 \2 \2/p' | sed '/ __gnu_lto/d' \> conftest.nm
configure:6787: $? = 0
configure:6853: gcc -o conftest -O2 -g   conftest.c conftstm.o >&5
configure:6856: $? = 0
configure:6894: result: ok
configure:6941: checking for sysroot
configure:6971: result: no
configure:6978: checking for a working dd
configure:7016: result: /bin/dd
configure:7020: checking how to truncate binary pipes
configure:7035: result: /bin/dd bs=4096 count=1
configure:7171: gcc -c -O2 -g  conftest.c >&5
configure:7174: $? = 0
configure:7364: checking for mt
configure:7380: found /bin/mt
configure:7391: result: mt
configure:7414: checking if mt is a manifest tool
configure:7420: mt '-?'
configure:7428: result: no
configure:8102: checking for dlfcn.h
configure:8102: gcc -c -O2 -g  conftest.c >&5
configure:8102: $? = 0
configure:8102: result: yes
configure:8356: checking for objdir
configure:8371: result: .libs
configure:8635: checking if gcc supports -fno-rtti -fno-exceptions
configure:8653: gcc -c -O2 -g  -fno-rtti -fno-exceptions conftest.c >&5
cc1: warning: command line option '-fno-rtti' is valid for C++/ObjC++ but not for C
configure:8657: $? = 0
configure:8670: result: no
configure:9028: checking for gcc option to produce PIC
configure:9035: result: -fPIC -DPIC
configure:9043: checking if gcc PIC flag -fPIC -DPIC works
configure:9061: gcc -c -O2 -g  -fPIC -DPIC -DPIC conftest.c >&5
configure:9065: $? = 0
configure:9078: result: yes
configure:9107: checking if gcc static flag -static works
configure:9135: result: yes
configure:9150: checking if gcc supports -c -o file.o
configure:9171: gcc -c -O2 -g  -o out/conftest2.o conftest.c >&5
configure:9175: $? = 0
configure:9197: result: yes
configure:9205: checking if gcc supports -c -o file.o
configure:9252: result: yes
configure:9285: checking whether the gcc linker (/usr/bin/ld -m elf_x86_64) supports shared libraries
configure:10548: result: yes
configure:10585: checking whether -lc should be explicitly linked in
configure:10593: gcc -c -O2 -g  conftest.c >&5
configure:10596: $? = 0
configure:10611: gcc -shared  -fPIC -DPIC conftest.o  -v -Wl,-soname -Wl,conftest -o conftest 2\>\&1 \| /bin/grep  -lc  \>/dev/null 2\>\&1
configure:10614: $? = 0
configure:10628: result: no
configure:10788: checking dynamic linker characteristics
configure:11369: gcc -o conftest -O2 -g   -Wl,-rpath -Wl,/foo conftest.c  >&5
configure:11369: $? = 0
configure:11618: result: GNU/Linux ld.so
configure:11740: checking how to hardcode library paths into programs
configure:11765: result: immediate
configure:12313: checking whether stripping libraries is possible
configure:12318: result: yes
configure:12353: checking if libtool supports shared libraries
configure:12355: result: yes
configure:12358: checking whether to build shared libraries
configure:12383: result: yes
configure:12386: checking whether to build static libraries
configure:12390: result: yes
configure:12446: checking for a BSD-compatible install
configure:12514: result: /usr/bin/install -c
configure:12525: checking whether build environment is sane
configure:12580: result: yes
configure:12728: checking for a thread-safe mkdir -p
configure:12767: result: /bin/mkdir -p
configure:12770: checking whether make sets $(MAKE)
configure:12792: result: yes
configure:12822: checking for style of include used by make
configure:12850: result: GNU
configure:12884: checking whether make supports nested variables
configure:12901: result: yes
configure:12986: checking dependency style of gcc
configure:13097: result: gcc3
configure:13165: checking size of int
configure:13170: gcc -o conftest -O2 -g   conftest.c  >&5
configure:13170: $? = 0
configure:13170: ./conftest
configure:13170: $? = 0
configure:13184: result: 4
configure:13198: checking size of long
configure:13203: gcc -o conftest -O2 -g   conftest.c  >&5
configure:13203: $? = 0
configure:13203: ./conftest
configure:13203: $? = 0
configure:13217: result: 8
configure:13231: checking size of size_t
configure:13236: gcc -o conftest -O2 -g   conftest.c  >&5
configure:13236: $? = 0
configure:13236: ./conftest
configure:13236: $? = 0
configure:13250: result: 8
configure:13272: checking if LD -Wl,--version-script works
configure:13289: gcc -o conftest -O2 -g   -Wl,--version-script=conftest.map conftest.c  >&5
configure:13289: $? = 0
configure:13298: result: yes
configure:13857: WARNING: No XML backend has been selected: auto check
configure:13890: checking for expat.h
configure:13890: gcc -c -O2 -g  conftest.c >&5
configure:13890: $? = 0
configure:13890: result: yes
configure:13920: checking for XML_ParserCreate in -lexpat
configure:13945: gcc -o conftest -O2 -g   conftest.c -lexpat   >&5
configure:13945: $? = 0
configure:13954: result: yes
configure:14323: checking for libroxml support
configure:14325: result: no
configure:14452: checking for libxml2 support
configure:14454: result: no
configure:14463: I found a suitable XML backend: expat
configure:14556: checking for library containing socket
configure:14587: gcc -o conftest -O2 -g   conftest.c  >&5
configure:14587: $? = 0
configure:14604: result: none required
configure:14618: checking regex.h usability
configure:14618: gcc -c -O2 -g  conftest.c >&5
configure:14618: $? = 0
configure:14618: result: yes
configure:14618: checking regex.h presence
configure:14618: gcc -E  conftest.c
configure:14618: $? = 0
configure:14618: result: yes
configure:14618: checking for regex.h
configure:14618: result: yes
configure:14658: checking getopt.h usability
configure:14658: gcc -c -O2 -g  conftest.c >&5
configure:14658: $? = 0
configure:14658: result: yes
configure:14658: checking getopt.h presence
configure:14658: gcc -E  conftest.c
configure:14658: $? = 0
configure:14658: result: yes
configure:14658: checking for getopt.h
configure:14658: result: yes
configure:14673: checking for getopt_long()
configure:14679: result: yes
configure:14691: checking locale.h usability
configure:14691: gcc -c -O2 -g  conftest.c >&5
configure:14691: $? = 0
configure:14691: result: yes
configure:14691: checking locale.h presence
configure:14691: gcc -E  conftest.c
configure:14691: $? = 0
configure:14691: result: yes
configure:14691: checking for locale.h
configure:14691: result: yes
configure:14710: checking for nl_langinfo and CODESET
configure:14726: gcc -o conftest -O2 -g   conftest.c  >&5
configure:14726: $? = 0
configure:14735: result: yes
configure:14749: checking pwd.h usability
configure:14749: gcc -c -O2 -g  conftest.c >&5
configure:14749: $? = 0
configure:14749: result: yes
configure:14749: checking pwd.h presence
configure:14749: gcc -E  conftest.c
configure:14749: $? = 0
configure:14749: result: yes
configure:14749: checking for pwd.h
configure:14749: result: yes
configure:14764: checking grp.h usability
configure:14764: gcc -c -O2 -g  conftest.c >&5
configure:14764: $? = 0
configure:14764: result: yes
configure:14764: checking grp.h presence
configure:14764: gcc -E  conftest.c
configure:14764: $? = 0
configure:14764: result: yes
configure:14764: checking for grp.h
configure:14764: result: yes
configure:14783: checking for chroot
configure:14783: gcc -o conftest -O2 -g   conftest.c  >&5
configure:14783: $? = 0
configure:14783: result: yes
configure:14807: checking for dlfcn.h
configure:14807: result: yes
configure:14813: checking for library containing dlopen
configure:14844: gcc -o conftest -O2 -g   conftest.c  >&5
/tmp/cc9l1SW3.o: In function `main':
/home/admin1/klish-2.1.3/conftest.c:52: undefined reference to `dlopen'
collect2: error: ld returned 1 exit status
configure:14844: $? = 1
configure: failed program was:
| /* confdefs.h */
| #define PACKAGE_NAME "klish"
| #define PACKAGE_TARNAME "klish"
| #define PACKAGE_VERSION "2.1.3"
| #define PACKAGE_STRING "klish 2.1.3"
| #define PACKAGE_BUGREPORT "serj.kalichev at gmail dot com"
| #define PACKAGE_URL ""
| #define STDC_HEADERS 1
| #define HAVE_SYS_TYPES_H 1
| #define HAVE_SYS_STAT_H 1
| #define HAVE_STDLIB_H 1
| #define HAVE_STRING_H 1
| #define HAVE_MEMORY_H 1
| #define HAVE_STRINGS_H 1
| #define HAVE_INTTYPES_H 1
| #define HAVE_STDINT_H 1
| #define HAVE_UNISTD_H 1
| #define __EXTENSIONS__ 1
| #define _ALL_SOURCE 1
| #define _GNU_SOURCE 1
| #define _POSIX_PTHREAD_SEMANTICS 1
| #define _TANDEM_SOURCE 1
| #define HAVE_DLFCN_H 1
| #define LT_OBJDIR ".libs/"
| #define PACKAGE "klish"
| #define VERSION "2.1.3"
| #define SIZEOF_INT 4
| #define SIZEOF_LONG 8
| #define SIZEOF_SIZE_T 8
| #define HAVE_LIB_EXPAT /**/
| #define HAVE_REGEX_H 1
| #define HAVE_GETOPT_H 1
| #define HAVE_GETOPT_LONG 1
| #define HAVE_LOCALE_H 1
| #define HAVE_LANGINFO_CODESET 1
| #define HAVE_PWD_H 1
| #define HAVE_GRP_H 1
| #define HAVE_CHROOT 1
| #define HAVE_DLFCN_H 1
| /* end confdefs.h.  */
| 
| /* Override any GCC internal prototype to avoid an error.
|    Use char because int might match the return type of a GCC
|    builtin and then its argument prototype would still apply.  */
| #ifdef __cplusplus
| extern "C"
| #endif
| char dlopen ();
| int
| main ()
| {
| return dlopen ();
|   ;
|   return 0;
| }
configure:14844: gcc -o conftest -O2 -g   conftest.c -ldl   >&5
configure:14844: $? = 0
configure:14861: result: -ldl
configure:15013: checking that generated files are newer than configure
configure:15019: result: done
configure:15054: creating ./config.status

## ---------------------- ##
## Running config.status. ##
## ---------------------- ##

This file was extended by klish config.status 2.1.3, which was
generated by GNU Autoconf 2.69.  Invocation command line was

  CONFIG_FILES    = 
  CONFIG_HEADERS  = 
  CONFIG_LINKS    = 
  CONFIG_COMMANDS = 
  $ ./config.status 

on ykclient

config.status:1122: creating clish/plugin_builtin.c
config.status:1122: creating Makefile
config.status:1122: creating config.h
config.status:1303: config.h is unchanged
config.status:1351: executing libtool commands
config.status:1351: executing depfiles commands

## ---------------- ##
## Cache variables. ##
## ---------------- ##

ac_cv_build=x86_64-unknown-linux-gnu
ac_cv_c_compiler_gnu=yes
ac_cv_env_CC_set=
ac_cv_env_CC_value=
ac_cv_env_CFLAGS_set=set
ac_cv_env_CFLAGS_value='-O2 -g'
ac_cv_env_CPPFLAGS_set=
ac_cv_env_CPPFLAGS_value=
ac_cv_env_CPP_set=
ac_cv_env_CPP_value=
ac_cv_env_LDFLAGS_set=
ac_cv_env_LDFLAGS_value=
ac_cv_env_LIBS_set=
ac_cv_env_LIBS_value=
ac_cv_env_LT_SYS_LIBRARY_PATH_set=
ac_cv_env_LT_SYS_LIBRARY_PATH_value=
ac_cv_env_LUA_INCLUDE_set=
ac_cv_env_LUA_INCLUDE_value=
ac_cv_env_LUA_LIB_set=
ac_cv_env_LUA_LIB_value=
ac_cv_env_build_alias_set=
ac_cv_env_build_alias_value=
ac_cv_env_host_alias_set=
ac_cv_env_host_alias_value=
ac_cv_env_target_alias_set=
ac_cv_env_target_alias_value=
ac_cv_func_chroot=yes
ac_cv_header_dlfcn_h=yes
ac_cv_header_expat_h=yes
ac_cv_header_getopt_h=yes
ac_cv_header_grp_h=yes
ac_cv_header_inttypes_h=yes
ac_cv_header_locale_h=yes
ac_cv_header_memory_h=yes
ac_cv_header_minix_config_h=no
ac_cv_header_pwd_h=yes
ac_cv_header_regex_h=yes
ac_cv_header_stdc=yes
ac_cv_header_stdint_h=yes
ac_cv_header_stdlib_h=yes
ac_cv_header_string_h=yes
ac_cv_header_strings_h=yes
ac_cv_header_sys_stat_h=yes
ac_cv_header_sys_types_h=yes
ac_cv_header_unistd_h=yes
ac_cv_host=x86_64-unknown-linux-gnu
ac_cv_lib_expat_XML_ParserCreate=yes
ac_cv_objext=o
ac_cv_path_EGREP='/bin/grep -E'
ac_cv_path_FGREP='/bin/grep -F'
ac_cv_path_GREP=/bin/grep
ac_cv_path_SED=/bin/sed
ac_cv_path_install='/usr/bin/install -c'
ac_cv_path_lt_DD=/bin/dd
ac_cv_path_mkdir=/bin/mkdir
ac_cv_prog_AWK=gawk
ac_cv_prog_CPP='gcc -E'
ac_cv_prog_ac_ct_AR=ar
ac_cv_prog_ac_ct_CC=gcc
ac_cv_prog_ac_ct_DLLTOOL=dlltool
ac_cv_prog_ac_ct_MANIFEST_TOOL=mt
ac_cv_prog_ac_ct_OBJDUMP=objdump
ac_cv_prog_ac_ct_RANLIB=ranlib
ac_cv_prog_ac_ct_STRIP=strip
ac_cv_prog_cc_c89=
ac_cv_prog_cc_g=yes
ac_cv_prog_make_make_set=yes
ac_cv_safe_to_define___extensions__=yes
ac_cv_search_dlopen=-ldl
ac_cv_search_socket='none required'
ac_cv_sizeof_int=4
ac_cv_sizeof_long=8
ac_cv_sizeof_size_t=8
am_cv_CC_dependencies_compiler_type=gcc3
am_cv_langinfo_codeset=yes
am_cv_make_support_nested_variables=yes
am_cv_prog_cc_c_o=yes
lt_cv_ar_at_file=@
lt_cv_archive_cmds_need_lc=no
lt_cv_deplibs_check_method=pass_all
lt_cv_file_magic_cmd='$MAGIC_CMD'
lt_cv_file_magic_test_file=
lt_cv_ld_reload_flag=-r
lt_cv_nm_interface='BSD nm'
lt_cv_objdir=.libs
lt_cv_path_LD=/usr/bin/ld
lt_cv_path_NM='/usr/bin/nm -B'
lt_cv_path_mainfest_tool=no
lt_cv_prog_compiler_c_o=yes
lt_cv_prog_compiler_pic='-fPIC -DPIC'
lt_cv_prog_compiler_pic_works=yes
lt_cv_prog_compiler_rtti_exceptions=no
lt_cv_prog_compiler_static_works=yes
lt_cv_prog_gnu_ld=yes
lt_cv_sharedlib_from_linklib_cmd='printf %s\n'
lt_cv_shlibpath_overrides_runpath=yes
lt_cv_sys_global_symbol_pipe='sed -n -e '\''s/^.*[	 ]\([ABCDGIRSTW][ABCDGIRSTW]*\)[	 ][	 ]*\([_A-Za-z][_A-Za-z0-9]*\)$/\1 \2 \2/p'\'' | sed '\''/ __gnu_lto/d'\'''
lt_cv_sys_global_symbol_to_c_name_address='sed -n -e '\''s/^: \(.*\) .*$/  {"\1", (void *) 0},/p'\'' -e '\''s/^[ABCDGIRSTW][ABCDGIRSTW]* .* \(.*\)$/  {"\1", (void *) \&\1},/p'\'''
lt_cv_sys_global_symbol_to_c_name_address_lib_prefix='sed -n -e '\''s/^: \(.*\) .*$/  {"\1", (void *) 0},/p'\'' -e '\''s/^[ABCDGIRSTW][ABCDGIRSTW]* .* \(lib.*\)$/  {"\1", (void *) \&\1},/p'\'' -e '\''s/^[ABCDGIRSTW][ABCDGIRSTW]* .* \(.*\)$/  {"lib\1", (void *) \&\1},/p'\'''
lt_cv_sys_global_symbol_to_cdecl='sed -n -e '\''s/^T .* \(.*\)$/extern int \1();/p'\'' -e '\''s/^[ABCDGIRSTW][ABCDGIRSTW]* .* \(.*\)$/extern char \1;/p'\'''
lt_cv_sys_global_symbol_to_import=
lt_cv_sys_max_cmd_len=1572864
lt_cv_to_host_file_cmd=func_convert_file_noop
lt_cv_to_tool_file_cmd=func_convert_file_noop
lt_cv_truncate_bin='/bin/dd bs=4096 count=1'

## ----------------- ##
## Output variables. ##
## ----------------- ##

ACLOCAL='${SHELL} /home/admin1/klish-2.1.3/aux_scripts/missing aclocal-1.15'
AMDEPBACKSLASH='\'
AMDEP_FALSE='#'
AMDEP_TRUE=''
AMTAR='$${TAR-tar}'
AM_BACKSLASH='\'
AM_DEFAULT_V='$(AM_DEFAULT_VERBOSITY)'
AM_DEFAULT_VERBOSITY='1'
AM_V='$(V)'
AR='ar'
AS='as'
AUTOCONF='${SHELL} /home/admin1/klish-2.1.3/aux_scripts/missing autoconf'
AUTOHEADER='${SHELL} /home/admin1/klish-2.1.3/aux_scripts/missing autoheader'
AUTOMAKE='${SHELL} /home/admin1/klish-2.1.3/aux_scripts/missing automake-1.15'
AWK='gawk'
CC='gcc'
CCDEPMODE='depmode=gcc3'
CFLAGS='-O2 -g'
CLISH_PLUGIN_BUILTIN_DEFS=''
CLISH_PLUGIN_BUILTIN_LIBS=''
CLISH_PLUGIN_BUILTIN_LIST=''
CPP='gcc -E'
CPPFLAGS=''
CYGPATH_W='echo'
DEBUG_FALSE=''
DEBUG_TRUE='#'
DEFS='-DHAVE_CONFIG_H'
DEPDIR='.deps'
DLLTOOL='dlltool'
DSYMUTIL=''
DUMPBIN=''
ECHO_C=''
ECHO_N='-n'
ECHO_T=''
EGREP='/bin/grep -E'
EXEEXT=''
FGREP='/bin/grep -F'
GREP='/bin/grep'
HAVE_LD_VERSION_SCRIPT_FALSE='#'
HAVE_LD_VERSION_SCRIPT_TRUE=''
INSTALL_DATA='${INSTALL} -m 644'
INSTALL_PROGRAM='${INSTALL}'
INSTALL_SCRIPT='${INSTALL}'
INSTALL_STRIP_PROGRAM='$(install_sh) -c -s'
LD='/usr/bin/ld -m elf_x86_64'
LDFLAGS=''
LIBOBJS=''
LIBS='-ldl '
LIBTOOL='$(SHELL) $(top_builddir)/libtool'
LIPO=''
LN_S='ln -s'
LTLIBOBJS=''
LT_SYS_LIBRARY_PATH=''
LUA_INCLUDE=''
LUA_LIB=''
MAKEINFO='${SHELL} /home/admin1/klish-2.1.3/aux_scripts/missing makeinfo'
MANIFEST_TOOL=':'
MKDIR_P='/bin/mkdir -p'
NM='/usr/bin/nm -B'
NMEDIT=''
OBJDUMP='objdump'
OBJEXT='o'
OTOOL64=''
OTOOL=''
PACKAGE='klish'
PACKAGE_BUGREPORT='serj.kalichev at gmail dot com'
PACKAGE_NAME='klish'
PACKAGE_STRING='klish 2.1.3'
PACKAGE_TARNAME='klish'
PACKAGE_URL=''
PACKAGE_VERSION='2.1.3'
PATH_SEPARATOR=':'
RANLIB='ranlib'
SED='/bin/sed'
SET_MAKE=''
SHELL='/bin/sh'
SONAME_AGE='0'
SONAME_CURRENT='1'
SONAME_REVISION='0'
STRIP='strip'
VERSION='2.1.3'
WITH_LUA_FALSE=''
WITH_LUA_TRUE='#'
XML_CFLAGS=''
XML_LDFLAGS=''
XML_LIBS='-lexpat'
ac_ct_AR='ar'
ac_ct_CC='gcc'
ac_ct_DUMPBIN=''
am__EXEEXT_FALSE=''
am__EXEEXT_TRUE='#'
am__fastdepCC_FALSE='#'
am__fastdepCC_TRUE=''
am__include='include'
am__isrc=''
am__leading_dot='.'
am__nodep='_no'
am__quote=''
am__tar='$${TAR-tar} chof - "$$tardir"'
am__untar='$${TAR-tar} xf -'
bindir='${exec_prefix}/bin'
build='x86_64-unknown-linux-gnu'
build_alias=''
build_cpu='x86_64'
build_os='linux-gnu'
build_vendor='unknown'
datadir='${datarootdir}'
datarootdir='${prefix}/share'
docdir='${datarootdir}/doc/${PACKAGE_TARNAME}'
dvidir='${docdir}'
exec_prefix='${prefix}'
host='x86_64-unknown-linux-gnu'
host_alias=''
host_cpu='x86_64'
host_os='linux-gnu'
host_vendor='unknown'
htmldir='${docdir}'
includedir='${prefix}/include'
infodir='${datarootdir}/info'
install_sh='${SHELL} /home/admin1/klish-2.1.3/aux_scripts/install-sh'
libdir='${exec_prefix}/lib'
libexecdir='${exec_prefix}/libexec'
localedir='${datarootdir}/locale'
localstatedir='${prefix}/var'
mandir='${datarootdir}/man'
mkdir_p='$(MKDIR_P)'
oldincludedir='/usr/include'
pdfdir='${docdir}'
prefix='/home/admin1/klish-2.1.3/install'
program_transform_name='s,x,x,'
psdir='${docdir}'
runstatedir='${localstatedir}/run'
sbindir='${exec_prefix}/sbin'
sharedstatedir='${prefix}/com'
sysconfdir='${prefix}/etc'
target_alias=''

## ----------- ##
## confdefs.h. ##
## ----------- ##

/* confdefs.h */
#define PACKAGE_NAME "klish"
#define PACKAGE_TARNAME "klish"
#define PACKAGE_VERSION "2.1.3"
#define PACKAGE_STRING "klish 2.1.3"
#define PACKAGE_BUGREPORT "serj.kalichev at gmail dot com"
#define PACKAGE_URL ""
#define STDC_HEADERS 1
#define HAVE_SYS_TYPES_H 1
#define HAVE_SYS_STAT_H 1
#define HAVE_STDLIB_H 1
#define HAVE_STRING_H 1
#define HAVE_MEMORY_H 1
#define HAVE_STRINGS_H 1
#define HAVE_INTTYPES_H 1
#define HAVE_STDINT_H 1
#define HAVE_UNISTD_H 1
#define __EXTENSIONS__ 1
#define _ALL_SOURCE 1
#define _GNU_SOURCE 1
#define _POSIX_PTHREAD_SEMANTICS 1
#define _TANDEM_SOURCE 1
#define HAVE_DLFCN_H 1
#define LT_OBJDIR ".libs/"
#define PACKAGE "klish"
#define VERSION "2.1.3"
#define SIZEOF_INT 4
#define SIZEOF_LONG 8
#define SIZEOF_SIZE_T 8
#define HAVE_LIB_EXPAT /**/
#define HAVE_REGEX_H 1
#define HAVE_GETOPT_H 1
#define HAVE_GETOPT_LONG 1
#define HAVE_LOCALE_H 1
#define HAVE_LANGINFO_CODESET 1
#define HAVE_PWD_H 1
#define HAVE_GRP_H 1
#define HAVE_CHROOT 1
#define HAVE_DLFCN_H 1

configure: exit 0
